This file contains any messages produced by compilers while
running configure, to aid debugging if configure makes a mistake.

It was created by Cubist configure 0.03, which was
generated by GNU Autoconf 2.67.  Invocation command line was

  $ ./configure 

## --------- ##
## Platform. ##
## --------- ##

hostname = MBP2016.local
uname -m = x86_64
uname -r = 16.7.0
uname -s = Darwin
uname -v = Darwin Kernel Version 16.7.0: Thu Jun 15 17:36:27 PDT 2017; root:xnu-3789.70.16~2/RELEASE_X86_64

/usr/bin/uname -p = i386
/bin/uname -X     = unknown

/bin/arch              = unknown
/usr/bin/arch -k       = unknown
/usr/convex/getsysinfo = unknown
/usr/bin/hostinfo      = Mach kernel version:
	 Darwin Kernel Version 16.7.0: Thu Jun 15 17:36:27 PDT 2017; root:xnu-3789.70.16~2/RELEASE_X86_64
Kernel configured for up to 8 processors.
4 processors are physically available.
8 processors are logically available.
Processor type: x86_64h (Intel x86-64h Haswell)
Processors active: 0 1 2 3 4 5 6 7
Primary memory available: 16.00 gigabytes
Default processor set: 384 tasks, 1719 threads, 8 processors
Load average: 1.87, Mach factor: 6.12
/bin/machine           = unknown
/usr/bin/oslevel       = unknown
/bin/universe          = unknown

PATH: /usr/local/cuda/bin
PATH: /usr/local/bin
PATH: /usr/bin
PATH: /bin
PATH: /usr/sbin
PATH: /sbin
PATH: /opt/X11/bin
PATH: /Library/TeX/texbin


## ----------- ##
## Core tests. ##
## ----------- ##

configure:1749: checking for gcc
configure:1765: found /usr/bin/gcc
configure:1776: result: gcc
configure:2005: checking for C compiler version
configure:2014: gcc --version >&5
Apple LLVM version 9.0.0 (clang-900.0.38)
Target: x86_64-apple-darwin16.7.0
Thread model: posix
InstalledDir: /Applications/Xcode.app/Contents/Developer/Toolchains/XcodeDefault.xctoolchain/usr/bin
Configured with: --prefix=/Applications/Xcode.app/Contents/Developer/usr --with-gxx-include-dir=/Applications/Xcode.app/Contents/Developer/Platforms/MacOSX.platform/Developer/SDKs/MacOSX10.13.sdk/usr/include/c++/4.2.1
configure:2025: $? = 0
configure:2014: gcc -v >&5
Configured with: --prefix=/Applications/Xcode.app/Contents/Developer/usr --with-gxx-include-dir=/Applications/Xcode.app/Contents/Developer/Platforms/MacOSX.platform/Developer/SDKs/MacOSX10.13.sdk/usr/include/c++/4.2.1
Apple LLVM version 9.0.0 (clang-900.0.38)
Target: x86_64-apple-darwin16.7.0
Thread model: posix
InstalledDir: /Applications/Xcode.app/Contents/Developer/Toolchains/XcodeDefault.xctoolchain/usr/bin
Found CUDA installation: /usr/local/cuda, version 8.0
configure:2025: $? = 0
configure:2014: gcc -V >&5
clang: error: argument to '-V' is missing (expected 1 value)
clang: error: no input files
configure:2025: $? = 1
configure:2014: gcc -qversion >&5
clang: error: unknown argument: '-qversion'
clang: error: no input files
configure:2025: $? = 1
configure:2045: checking whether the C compiler works
configure:2067: gcc -UNDEBUG -Wall -pedantic -g -O0   conftest.c  >&5
configure:2071: $? = 0
configure:2119: result: yes
configure:2122: checking for C compiler default output file name
configure:2124: result: a.out
configure:2130: checking for suffix of executables
configure:2137: gcc -o conftest -UNDEBUG -Wall -pedantic -g -O0   conftest.c  >&5
configure:2141: $? = 0
configure:2163: result: 
configure:2185: checking whether we are cross compiling
configure:2193: gcc -o conftest -UNDEBUG -Wall -pedantic -g -O0   conftest.c  >&5
configure:2197: $? = 0
configure:2204: ./conftest
configure:2208: $? = 0
configure:2223: result: no
configure:2228: checking for suffix of object files
configure:2250: gcc -c -UNDEBUG -Wall -pedantic -g -O0  conftest.c >&5
configure:2254: $? = 0
configure:2275: result: o
configure:2279: checking whether we are using the GNU C compiler
configure:2298: gcc -c -UNDEBUG -Wall -pedantic -g -O0  conftest.c >&5
configure:2298: $? = 0
configure:2307: result: yes
configure:2316: checking whether gcc accepts -g
configure:2336: gcc -c -g  conftest.c >&5
configure:2336: $? = 0
configure:2377: result: yes
configure:2394: checking for gcc option to accept ISO C89
configure:2458: gcc  -c -UNDEBUG -Wall -pedantic -g -O0  conftest.c >&5
configure:2458: $? = 0
configure:2471: result: none needed
configure:2639: creating ./config.status

## ---------------------- ##
## Running config.status. ##
## ---------------------- ##

This file was extended by Cubist config.status 0.03, which was
generated by GNU Autoconf 2.67.  Invocation command line was

  CONFIG_FILES    = 
  CONFIG_HEADERS  = 
  CONFIG_LINKS    = 
  CONFIG_COMMANDS = 
  $ ./config.status 

on MBP2016.local

config.status:729: creating src/Makevars

## ---------------- ##
## Cache variables. ##
## ---------------- ##

ac_cv_c_compiler_gnu=yes
ac_cv_env_CC_set=
ac_cv_env_CC_value=
ac_cv_env_CFLAGS_set=set
ac_cv_env_CFLAGS_value='-UNDEBUG -Wall -pedantic -g -O0'
ac_cv_env_CPPFLAGS_set=
ac_cv_env_CPPFLAGS_value=
ac_cv_env_LDFLAGS_set=
ac_cv_env_LDFLAGS_value=
ac_cv_env_LIBS_set=
ac_cv_env_LIBS_value=
ac_cv_env_build_alias_set=
ac_cv_env_build_alias_value=
ac_cv_env_host_alias_set=
ac_cv_env_host_alias_value=
ac_cv_env_target_alias_set=
ac_cv_env_target_alias_value=
ac_cv_objext=o
ac_cv_prog_ac_ct_CC=gcc
ac_cv_prog_cc_c89=
ac_cv_prog_cc_g=yes

## ----------------- ##
## Output variables. ##
## ----------------- ##

CC='gcc'
CFLAGS='-UNDEBUG -Wall -pedantic -g -O0'
CPPFLAGS=''
DEFS='-DPACKAGE_NAME=\"Cubist\" -DPACKAGE_TARNAME=\"cubist\" -DPACKAGE_VERSION=\"0.03\" -DPACKAGE_STRING=\"Cubist\ 0.03\" -DPACKAGE_BUGREPORT=\"\" -DPACKAGE_URL=\"\"'
ECHO_C='\c'
ECHO_N=''
ECHO_T=''
EXEEXT=''
LDFLAGS=''
LIBOBJS=''
LIBS=''
LTLIBOBJS=''
OBJEXT='o'
PACKAGE_BUGREPORT=''
PACKAGE_NAME='Cubist'
PACKAGE_STRING='Cubist 0.03'
PACKAGE_TARNAME='cubist'
PACKAGE_URL=''
PACKAGE_VERSION='0.03'
PATH_SEPARATOR=':'
PKG_CFLAGS='-ffloat-store -g'
SHELL='/bin/sh'
ac_ct_CC='gcc'
bindir='${exec_prefix}/bin'
build_alias=''
datadir='${datarootdir}'
datarootdir='${prefix}/share'
docdir='${datarootdir}/doc/${PACKAGE_TARNAME}'
dvidir='${docdir}'
exec_prefix='${prefix}'
host_alias=''
htmldir='${docdir}'
includedir='${prefix}/include'
infodir='${datarootdir}/info'
libdir='${exec_prefix}/lib'
libexecdir='${exec_prefix}/libexec'
localedir='${datarootdir}/locale'
localstatedir='${prefix}/var'
mandir='${datarootdir}/man'
oldincludedir='/usr/include'
pdfdir='${docdir}'
prefix='/usr/local'
program_transform_name='s,x,x,'
psdir='${docdir}'
sbindir='${exec_prefix}/sbin'
sharedstatedir='${prefix}/com'
sysconfdir='${prefix}/etc'
target_alias=''

## ----------- ##
## confdefs.h. ##
## ----------- ##

/* confdefs.h */
#define PACKAGE_NAME "Cubist"
#define PACKAGE_TARNAME "cubist"
#define PACKAGE_VERSION "0.03"
#define PACKAGE_STRING "Cubist 0.03"
#define PACKAGE_BUGREPORT ""
#define PACKAGE_URL ""

configure: exit 0
